<?xml version="1.0" encoding="utf-8"?><testsuites name="pytest tests"><testsuite name="pytest" errors="0" failures="0" skipped="0" tests="17" time="5.771" timestamp="2026-08-09T21:25:51.507356+00:00" hostname="agent-env-69e70943-1c88-4258-b0f7-da79badd04b9"><testcase classname="tests.test_commercial_core.TestPublicPricing" name="test_default_usd" time="0.255" /><testcase classname="tests.test_commercial_core.TestPublicPricing" name="test_aed_market" time="0.101" /><testcase classname="tests.test_commercial_core.TestPublicPricing" name="test_unknown_market_falls_back" time="0.111" /><testcase classname="tests.test_commercial_core.TestCommercialAdmin" name="test_get_admin_config" time="0.455" /><testcase classname="tests.test_commercial_core.TestCommercialAdmin" name="test_update_persists_and_revert" time="0.382" /><testcase classname="tests.test_commercial_core.TestCommercialAdmin" name="test_member_forbidden_get" time="0.427" /><testcase classname="tests.test_commercial_core.TestCommercialAdmin" name="test_member_forbidden_put" time="0.093" /><testcase classname="tests.test_commercial_core.TestCommercialAdmin" name="test_invalid_referral_pct" time="0.100" /><testcase classname="tests.test_commercial_core.TestCommercialAdmin" name="test_unknown_default_market" time="0.108" /><testcase classname="tests.test_commercial_core.TestBillingLifecycle" name="test_billing_trial_state" time="0.417" /><testcase classname="tests.test_commercial_core.TestBillingLifecycle" name="test_second_card_blocked_402" time="0.196" /><testcase classname="tests.test_commercial_core.TestBillingLifecycle" name="test_subscribe_pro_year" time="0.212" /><testcase classname="tests.test_commercial_core.TestBillingLifecycle" name="test_subscribe_team_bumps_min_seats" time="0.107" /><testcase classname="tests.test_commercial_core.TestReferral" name="test_referral_code_generated" time="0.418" /><testcase classname="tests.test_commercial_core.TestReferral" name="test_referred_user_gets_discount" time="0.515" /><testcase classname="tests.test_commercial_core.TestReferral" name="test_self_referral_blocked" time="0.447" /><testcase classname="tests.test_commercial_core.TestReferral" name="test_reward_cap_and_queue_overflow" time="1.374" /></testsuite></testsuites>