<?xml version="1.0" encoding="utf-8"?><testsuites name="pytest tests"><testsuite name="pytest" errors="0" failures="0" skipped="0" tests="12" time="2.800" timestamp="2026-08-15T07:45:17.764951+00:00" hostname="agent-env-69e70943-1c88-4258-b0f7-da79badd04b9"><testcase classname="tests.test_iter41_failed_payment_billing.TestBillingInvoices" name="test_unauth_returns_401" time="0.480" /><testcase classname="tests.test_iter41_failed_payment_billing.TestOtherEndpointsRegression" name="test_usage_overview" time="0.863" /><testcase classname="tests.test_iter41_failed_payment_billing.TestBillingInvoices" name="test_admin_no_customer_empty" time="0.459" /><testcase classname="tests.test_iter41_failed_payment_billing.TestOtherEndpointsRegression" name="test_ai_panels_reachable" time="0.093" /><testcase classname="tests.test_iter41_failed_payment_billing.TestOtherEndpointsRegression" name="test_trial_eligible_flag_present" time="0.111" /><testcase classname="tests.test_iter41_failed_payment_billing.TestStripeWebhookSignature" name="test_bad_signature_returns_400" time="0.241" /><testcase classname="tests.test_iter41_failed_payment_billing.TestStripeWebhookSignature" name="test_missing_signature_returns_400" time="0.150" /><testcase classname="tests.test_iter41_failed_payment_billing.TestBillingPaymentState" name="test_billing_returns_payment_state" time="0.099" /><testcase classname="tests.test_iter41_failed_payment_billing.TestBillingInvoices" name="test_throwaway_owner_can_call_own" time="0.696" /><testcase classname="tests.test_iter41_failed_payment_billing.TestCheckoutRegression" name="test_pro_year_checkout_tax_safe" time="0.825" /><testcase classname="tests.test_iter41_failed_payment_billing.TestBillingPortal" name="test_unauth_401" time="0.707" /><testcase classname="tests.test_iter41_failed_payment_billing.TestBillingPortal" name="test_no_customer_returns_400" time="0.133" /></testsuite></testsuites>