<?xml version="1.0" encoding="utf-8"?><testsuites name="pytest tests"><testsuite name="pytest" errors="0" failures="0" skipped="1" tests="4" time="2.135" timestamp="2026-08-10T13:18:57.532237+00:00" hostname="agent-env-69e70943-1c88-4258-b0f7-da79badd04b9"><testcase classname="tests.test_iter24_p2" name="test_follow_up_today_flow" time="1.109" /><testcase classname="tests.test_iter24_p2" name="test_scan_confirm_with_event_and_campaign" time="0.294" /><testcase classname="tests.test_iter24_p2" name="test_public_profile_book_deep_link_reachable" time="0.183" /><testcase classname="tests.test_iter24_p2" name="test_public_card_has_native_booking" time="0.224"><skipped type="pytest.skip" message="meeting-types endpoint not found - non-blocking">/app/backend/tests/test_iter24_p2.py:141: meeting-types endpoint not found - non-blocking</skipped></testcase></testsuite></testsuites>