<?xml version="1.0" encoding="utf-8"?><testsuites name="pytest tests"><testsuite name="pytest" errors="0" failures="0" skipped="0" tests="11" time="11.838" timestamp="2026-08-10T11:08:34.164914+00:00" hostname="agent-env-69e70943-1c88-4258-b0f7-da79badd04b9"><testcase classname="tests.test_iter20_phase2" name="test_health" time="0.186" /><testcase classname="tests.test_iter20_phase2" name="test_ledger_fields_present" time="2.715" /><testcase classname="tests.test_iter20_phase2" name="test_signup_alone_does_not_qualify" time="1.500" /><testcase classname="tests.test_iter20_phase2" name="test_subscribe_idempotent_no_double_qualify" time="0.622" /><testcase classname="tests.test_iter20_phase2" name="test_referred_20pct_discount_preserved" time="0.135" /><testcase classname="tests.test_iter20_phase2" name="test_pricing_referred_discount_pct_20" time="0.126" /><testcase classname="tests.test_iter20_phase2" name="test_referral_qr" time="0.117" /><testcase classname="tests.test_iter20_phase2" name="test_admin_no_referral_workspace" time="0.411" /><testcase classname="tests.test_iter20_phase2" name="test_public_card_feras" time="0.211" /><testcase classname="tests.test_iter20_phase2" name="test_team_gating_402_for_trial" time="0.528" /><testcase classname="tests.test_iter20_phase2" name="test_10_qualified_earns_2_months" time="4.963" /></testsuite></testsuites>