<?xml version="1.0" encoding="utf-8"?><testsuites name="pytest tests"><testsuite name="pytest" errors="0" failures="0" skipped="0" tests="11" time="4.856" timestamp="2026-08-11T15:58:31.003979+00:00" hostname="agent-env-69e70943-1c88-4258-b0f7-da79badd04b9"><testcase classname="tests.test_iter32_google_oauth.TestRegressionIndividualRegister" name="test_individual_register_success" time="0.929" /><testcase classname="tests.test_iter32_google_oauth.TestRegressionIndividualRegister" name="test_duplicate_individual_register_400" time="0.651" /><testcase classname="tests.test_iter32_google_oauth.TestRegressionTeamRegister" name="test_team_below_min_seats_returns_400_no_orphan" time="0.601" /><testcase classname="tests.test_iter32_google_oauth.TestRegressionTeamRegister" name="test_team_yearly_interval" time="0.506" /><testcase classname="tests.test_iter32_google_oauth.TestRegressionLogin" name="test_super_admin_login" time="0.330" /><testcase classname="tests.test_iter32_google_oauth.TestRegressionLogin" name="test_regular_user_login_after_register" time="0.953" /><testcase classname="tests.test_iter32_google_oauth.TestGoogleStart" name="test_google_start_302_and_params" time="0.135" /><testcase classname="tests.test_iter32_google_oauth.TestGoogleCallbackErrors" name="test_callback_no_params" time="0.127" /><testcase classname="tests.test_iter32_google_oauth.TestGoogleCallbackErrors" name="test_callback_access_denied" time="0.132" /><testcase classname="tests.test_iter32_google_oauth.TestGoogleCallbackErrors" name="test_callback_bad_state" time="0.226" /><testcase classname="tests.test_iter32_google_oauth.TestGoogleComplete" name="test_invalid_gp_returns_400" time="0.195" /></testsuite></testsuites>