<?xml version="1.0" encoding="utf-8"?><testsuites name="pytest tests"><testsuite name="pytest" errors="0" failures="0" skipped="0" tests="17" time="80.042" timestamp="2026-08-10T10:39:13.256751+00:00" hostname="agent-env-69e70943-1c88-4258-b0f7-da79badd04b9"><testcase classname="tests.test_iter19_referral" name="test_health" time="0.133" /><testcase classname="tests.test_iter19_referral" name="test_admin_login_and_no_referral" time="0.422" /><testcase classname="tests.test_iter19_referral" name="test_referral_response_shape" time="0.523" /><testcase classname="tests.test_iter19_referral" name="test_pricing_referral_discount_preserved" time="0.097" /><testcase classname="tests.test_iter19_referral" name="test_signups_do_not_qualify" time="2.085" /><testcase classname="tests.test_iter19_referral" name="test_referred_gets_20pct_month_discount" time="0.121" /><testcase classname="tests.test_iter19_referral" name="test_4_qualified_no_reward" time="0.509" /><testcase classname="tests.test_iter19_referral" name="test_idempotency_no_double_count" time="0.202" /><testcase classname="tests.test_iter19_referral" name="test_5th_qualified_earns_1_month" time="0.214" /><testcase classname="tests.test_iter19_referral" name="test_6th_qualified_progress_1" time="0.207" /><testcase classname="tests.test_iter19_referral" name="test_10_qualified_earns_2_months" time="70.067" /><testcase classname="tests.test_iter19_referral" name="test_self_referral_protection" time="1.362" /><testcase classname="tests.test_iter19_referral" name="test_admin_can_change_and_revert_referral_config" time="0.821" /><testcase classname="tests.test_iter19_referral" name="test_public_card_and_vcf" time="0.187" /><testcase classname="tests.test_iter19_referral" name="test_referral_qr_endpoint" time="0.115" /><testcase classname="tests.test_iter19_referral" name="test_team_gating_402_for_trial" time="0.524" /><testcase classname="tests.test_iter19_referral" name="test_login_lockout_still_works" time="2.089" /></testsuite></testsuites>