<?xml version="1.0" encoding="utf-8"?><testsuites name="pytest tests"><testsuite name="pytest" errors="0" failures="0" skipped="0" tests="7" time="1.703" timestamp="2026-08-11T07:53:28.442197+00:00" hostname="agent-env-69e70943-1c88-4258-b0f7-da79badd04b9"><testcase classname="tests.test_iter26_tenant" name="test_work_session_claims" time="0.382" /><testcase classname="tests.test_iter26_tenant" name="test_work_sees_only_edrina" time="0.100" /><testcase classname="tests.test_iter26_tenant" name="test_admin_sees_all" time="0.437" /><testcase classname="tests.test_iter26_tenant" name="test_work_cannot_access_other_card" time="0.185" /><testcase classname="tests.test_iter26_tenant" name="test_work_can_get_and_put_own_card" time="0.307" /><testcase classname="tests.test_iter26_tenant" name="test_work_analytics_only_edrina" time="0.142" /><testcase classname="tests.test_iter26_tenant" name="test_work_leads_only_own" time="0.097" /></testsuite></testsuites>