<?xml version="1.0" encoding="utf-8"?><testsuites name="pytest tests"><testsuite name="pytest" errors="0" failures="0" skipped="0" tests="15" time="5.792" timestamp="2026-08-11T08:42:25.907914+00:00" hostname="agent-env-69e70943-1c88-4258-b0f7-da79badd04b9"><testcase classname="tests.test_iter28_control.TestAuthz" name="test_normal_user_forbidden" time="1.292" /><testcase classname="tests.test_iter28_control.TestAuthz" name="test_admin_allowed" time="1.236" /><testcase classname="tests.test_iter28_control.TestOverview" name="test_kpis_and_money_masked" time="0.100" /><testcase classname="tests.test_iter28_control.TestOverview" name="test_range_filter" time="0.105" /><testcase classname="tests.test_iter28_control.TestHealth" name="test_health" time="0.101" /><testcase classname="tests.test_iter28_control.TestFlags" name="test_add_and_toggle" time="0.456" /><testcase classname="tests.test_iter28_control.TestEntitlements" name="test_get_and_set" time="0.284" /><testcase classname="tests.test_iter28_control.TestPricing" name="test_preview_and_publish_and_versions" time="0.574" /><testcase classname="tests.test_iter28_control.TestCustomers" name="test_customer_detail" time="0.237" /><testcase classname="tests.test_iter28_control.TestCustomers" name="test_resend_verification" time="0.208" /><testcase classname="tests.test_iter28_control.TestCustomers" name="test_suspend_unsuspend_non_admin" time="0.502" /><testcase classname="tests.test_iter28_control.TestOthers" name="test_referrals" time="0.127" /><testcase classname="tests.test_iter28_control.TestOthers" name="test_audit_search" time="0.178" /><testcase classname="tests.test_iter28_control.TestOthers" name="test_security" time="0.101" /><testcase classname="tests.test_iter28_control.TestWorkspaces" name="test_workspace_detail" time="0.212" /></testsuite></testsuites>