<?xml version="1.0" encoding="utf-8"?><testsuites name="pytest tests"><testsuite name="pytest" errors="0" failures="0" skipped="0" tests="12" time="3.837" timestamp="2026-08-14T12:09:13.136497+00:00" hostname="agent-env-69e70943-1c88-4258-b0f7-da79badd04b9"><testcase classname="tests.test_iter40_tax_global.TestCheckoutTaxSafe" name="test_pro_year_checkout_returns_session" time="1.641" /><testcase classname="tests.test_iter40_tax_global.TestTaxOverview" name="test_super_admin_gets_overview" time="0.764" /><testcase classname="tests.test_iter40_tax_global.TestCheckoutTaxSafe" name="test_pro_session_has_tax_safe_config" time="0.327" /><testcase classname="tests.test_iter40_tax_global.TestCheckoutTaxSafe" name="test_team_5_seats_checkout" time="0.910" /><testcase classname="tests.test_iter40_tax_global.TestTaxOverview" name="test_non_admin_403" time="1.976" /><testcase classname="tests.test_iter40_tax_global.TestTaxOverview" name="test_unauth_401" time="0.158" /><testcase classname="tests.test_iter40_tax_global.TestCommercialConfigTaxCode" name="test_get_commercial_has_stripe_tax_code" time="0.148" /><testcase classname="tests.test_iter40_tax_global.TestRegression" name="test_billing_endpoint" time="0.128" /><testcase classname="tests.test_iter40_tax_global.TestCommercialConfigTaxCode" name="test_put_commercial_persists_stripe_tax_code" time="0.431" /><testcase classname="tests.test_iter40_tax_global.TestRegression" name="test_usage_overview" time="0.135" /><testcase classname="tests.test_iter40_tax_global.TestRegression" name="test_usage_config" time="0.165" /><testcase classname="tests.test_iter40_tax_global.TestNoFallback" name="test_only_one_session_create_call" time="0.001" /></testsuite></testsuites>