<?xml version="1.0" encoding="utf-8"?><testsuites name="pytest tests"><testsuite name="pytest" errors="0" failures="0" skipped="0" tests="11" time="4.114" timestamp="2026-08-13T17:39:39.830802+00:00" hostname="agent-env-69e70943-1c88-4258-b0f7-da79badd04b9"><testcase classname="tests.test_iter35_event_dashboard" name="test_events_list_has_stats" time="0.673" /><testcase classname="tests.test_iter35_event_dashboard" name="test_event_detail_enrichment" time="0.202" /><testcase classname="tests.test_iter35_event_dashboard" name="test_dashboard_kpis_shape_and_conversion" time="0.121" /><testcase classname="tests.test_iter35_event_dashboard" name="test_dashboard_leaderboard_and_daily" time="0.282" /><testcase classname="tests.test_iter35_event_dashboard" name="test_tenant_isolation_events_list_empty" time="0.640" /><testcase classname="tests.test_iter35_event_dashboard" name="test_tenant_isolation_gitex_403" time="0.219" /><testcase classname="tests.test_iter35_event_dashboard" name="test_tenant_isolation_detail_403" time="0.162" /><testcase classname="tests.test_iter35_event_dashboard" name="test_empty_event_dashboard" time="0.466" /><testcase classname="tests.test_iter35_event_dashboard" name="test_new_vs_returning_matches_pipeline_total" time="0.142" /><testcase classname="tests.test_iter35_event_dashboard" name="test_patch_event_cost" time="0.385" /><testcase classname="tests.test_iter35_event_dashboard" name="test_complete_follow_up_endpoint" time="0.493" /></testsuite></testsuites>