<?xml version="1.0" encoding="utf-8"?><testsuites name="pytest tests"><testsuite name="pytest" errors="0" failures="0" skipped="0" tests="18" time="10.664" timestamp="2026-08-13T18:10:11.984621+00:00" hostname="agent-env-69e70943-1c88-4258-b0f7-da79badd04b9"><testcase classname="tests.test_lead_scoring" name="test_01_high_quality_senior_qualified" time="0.982" /><testcase classname="tests.test_lead_scoring" name="test_02_minimal_cold" time="0.292" /><testcase classname="tests.test_lead_scoring" name="test_03_multi_interaction_cap" time="1.348" /><testcase classname="tests.test_lead_scoring" name="test_04_stage_change_recalc" time="0.624" /><testcase classname="tests.test_lead_scoring" name="test_05_06_meeting_recalc" time="0.972" /><testcase classname="tests.test_lead_scoring" name="test_07_not_interested_cap" time="0.433" /><testcase classname="tests.test_lead_scoring" name="test_08_top_leads_exclusions" time="0.482" /><testcase classname="tests.test_lead_scoring" name="test_09_10_override_and_auto" time="1.326" /><testcase classname="tests.test_lead_scoring" name="test_11_event_quality_distribution" time="0.126" /><testcase classname="tests.test_lead_scoring" name="test_12_leaderboard_columns" time="0.122" /><testcase classname="tests.test_lead_scoring" name="test_13_backfill_version" time="0.138" /><testcase classname="tests.test_lead_scoring" name="test_14_arabic_seniority" time="0.279" /><testcase classname="tests.test_lead_scoring" name="test_15_missing_fields" time="0.265" /><testcase classname="tests.test_lead_scoring" name="test_16_tenant_isolation" time="0.910" /><testcase classname="tests.test_lead_scoring" name="test_17_dashboard_perf" time="0.132" /><testcase classname="tests.test_lead_scoring" name="test_19_dashboard_keys" time="0.142" /><testcase classname="tests.test_lead_scoring" name="test_20_scanner_score" time="0.133" /><testcase classname="tests.test_lead_scoring" name="test_zz_cleanup" time="1.635" /></testsuite></testsuites>