<?xml version="1.0" encoding="utf-8"?><testsuites name="pytest tests"><testsuite name="pytest" errors="0" failures="0" skipped="0" tests="9" time="2.400" timestamp="2026-08-10T13:09:31.944085+00:00" hostname="agent-env-69e70943-1c88-4258-b0f7-da79badd04b9"><testcase classname="tests.test_iter23_p1" name="test_analytics_overview_top_level_keys" time="0.768" /><testcase classname="tests.test_iter23_p1" name="test_analytics_funnel_shape" time="0.154" /><testcase classname="tests.test_iter23_p1" name="test_analytics_channels_shape" time="0.161" /><testcase classname="tests.test_iter23_p1" name="test_analytics_breakdowns_shape" time="0.112" /><testcase classname="tests.test_iter23_p1" name="test_analytics_series_and_top_actions" time="0.149" /><testcase classname="tests.test_iter23_p1" name="test_branded_qr_is_png_and_decodes" time="0.268" /><testcase classname="tests.test_iter23_p1" name="test_poster_endpoint_still_png" time="0.193" /><testcase classname="tests.test_iter23_p1" name="test_public_card_endpoint_ok" time="0.133" /><testcase classname="tests.test_iter23_p1" name="test_leads_list_still_works" time="0.134" /></testsuite></testsuites>