<?xml version="1.0" encoding="utf-8"?><testsuites name="pytest tests"><testsuite name="pytest" errors="0" failures="1" skipped="0" tests="6" time="2.577" timestamp="2026-08-09T02:58:34.668878+00:00" hostname="agent-env-69e70943-1c88-4258-b0f7-da79badd04b9"><testcase classname="tests.test_iter13" name="test_duplicate_creates_draft_copy" time="0.716" /><testcase classname="tests.test_iter13" name="test_duplicate_of_copy_gets_unique_slug" time="0.297" /><testcase classname="tests.test_iter13" name="test_update_card_still_works" time="0.204"><failure message="AssertionError: PUT failed status=405 body={&quot;detail&quot;:&quot;Method Not Allowed&quot;}&#10;assert 405 == 200&#10; +  where 405 = &lt;Response [405]&gt;.status_code">backend/tests/test_iter13.py:81: in test_update_card_still_works
    assert r.status_code == 200, f"PUT failed status={r.status_code} body={r.text[:200]}"
E   AssertionError: PUT failed status=405 body={"detail":"Method Not Allowed"}
E   assert 405 == 200
E    +  where 405 = &lt;Response [405]&gt;.status_code</failure></testcase><testcase classname="tests.test_iter13" name="test_identity_crop_persists" time="0.215" /><testcase classname="tests.test_iter13" name="test_qr_endpoint" time="0.115" /><testcase classname="tests.test_iter13" name="test_cleanup" time="0.694" /></testsuite></testsuites>