<?xml version="1.0" encoding="utf-8"?><testsuites name="pytest tests"><testsuite name="pytest" errors="0" failures="0" skipped="0" tests="20" time="28.102" timestamp="2026-08-10T12:35:05.294976+00:00" hostname="agent-env-69e70943-1c88-4258-b0f7-da79badd04b9"><testcase classname="tests.test_iter22_p0.TestLeadReminder" name="test_future_reminder_hidden_replace_and_clear" time="1.730" /><testcase classname="tests.test_iter22_p0.TestLeadStages" name="test_valid_stages[new]" time="1.059" /><testcase classname="tests.test_iter22_p0.TestLeadStages" name="test_valid_stages[contacted]" time="0.415" /><testcase classname="tests.test_iter22_p0.TestLeadStages" name="test_valid_stages[qualified]" time="0.433" /><testcase classname="tests.test_iter22_p0.TestLeadReminder" name="test_delete_lead_removes_reminder_notification" time="0.702" /><testcase classname="tests.test_iter22_p0.TestLeadStages" name="test_valid_stages[meeting]" time="0.488" /><testcase classname="tests.test_iter22_p0.TestPublicLeadCreation" name="test_public_lead_created_with_new_fields" time="0.306" /><testcase classname="tests.test_iter22_p0.TestLeadStages" name="test_valid_stages[opportunity]" time="19.787" /><testcase classname="tests.test_iter22_p0.TestLeadFields" name="test_fields_update_and_return" time="0.424" /><testcase classname="tests.test_iter22_p0.TestScannerQrSource" name="test_scan_confirm_qr_source_creates_lead" time="0.197" /><testcase classname="tests.test_iter22_p0.TestNFC" name="test_nfc_devices_list_ok" time="0.104" /><testcase classname="tests.test_iter22_p0.TestLeadStages" name="test_valid_stages[customer]" time="0.572" /><testcase classname="tests.test_iter22_p0.TestLeadStages" name="test_valid_stages[not_interested]" time="0.837" /><testcase classname="tests.test_iter22_p0.TestLeadStages" name="test_legacy_aliases_accepted[converted-customer]" time="0.725" /><testcase classname="tests.test_iter22_p0.TestLeadStages" name="test_legacy_aliases_accepted[meeting_booked-meeting]" time="0.745" /><testcase classname="tests.test_iter22_p0.TestLeadStages" name="test_legacy_aliases_accepted[archived-not_interested]" time="0.637" /><testcase classname="tests.test_iter22_p0.TestLeadStages" name="test_legacy_aliases_accepted[won-customer]" time="0.531" /><testcase classname="tests.test_iter22_p0.TestLeadStages" name="test_legacy_aliases_accepted[lost-not_interested]" time="0.530" /><testcase classname="tests.test_iter22_p0.TestLeadStages" name="test_legacy_aliases_accepted[follow_up-contacted]" time="0.588" /><testcase classname="tests.test_iter22_p0.TestLeadStages" name="test_invalid_stage_400" time="0.423" /></testsuite></testsuites>