<?xml version="1.0" encoding="utf-8"?><testsuites name="pytest tests"><testsuite name="pytest" errors="0" failures="0" skipped="0" tests="7" time="0.819" timestamp="2026-08-11T08:09:30.562968+00:00" hostname="agent-env-69e70943-1c88-4258-b0f7-da79badd04b9"><testcase classname="tests.test_iter27_msg469.TestTimezonePreferences" name="test_patch_valid_timezone" time="0.431" /><testcase classname="tests.test_iter27_msg469.TestTimezonePreferences" name="test_session_reflects_manual_tz" time="0.046" /><testcase classname="tests.test_iter27_msg469.TestTimezonePreferences" name="test_patch_invalid_timezone" time="0.046" /><testcase classname="tests.test_iter27_msg469.TestTimezonePreferences" name="test_reset_timezone_to_ny" time="0.046" /><testcase classname="tests.test_iter27_msg469.TestAnalyticsDateRange" name="test_overview_days_legacy" time="0.048" /><testcase classname="tests.test_iter27_msg469.TestAnalyticsDateRange" name="test_overview_with_start_end" time="0.096" /><testcase classname="tests.test_iter27_msg469.TestAnalyticsDateRange" name="test_export_csv_with_start_end" time="0.049" /></testsuite></testsuites>