<?xml version="1.0" encoding="utf-8"?><testsuites name="pytest tests"><testsuite name="pytest" errors="0" failures="0" skipped="0" tests="9" time="11.012" timestamp="2026-08-14T10:41:16.459666+00:00" hostname="agent-env-69e70943-1c88-4258-b0f7-da79badd04b9"><testcase classname="tests.test_iter39_ai_panels.TestRegressions" name="test_billing_endpoint" time="1.020" /><testcase classname="tests.test_iter39_ai_panels.TestRegressions" name="test_ai_followup_still_works" time="3.228" /><testcase classname="tests.test_iter39_ai_panels.TestEnforcementToggle" name="test_lead_insight_enforcement_then_reset" time="3.299" /><testcase classname="tests.test_iter39_ai_panels.TestEnforcementToggle" name="test_event_recap_enforcement_stays_off" time="0.124" /><testcase classname="tests.test_iter39_ai_panels.TestUsageConfig" name="test_config_has_both_ai_features_metered" time="0.139" /><testcase classname="tests.test_iter39_ai_panels.TestEventRecap" name="test_recap_flow" time="6.638" /><testcase classname="tests.test_iter39_ai_panels.TestRegressions" name="test_event_dashboard" time="0.205" /><testcase classname="tests.test_iter39_ai_panels.TestLeadInsight" name="test_full_flow" time="5.656" /><testcase classname="tests.test_iter39_ai_panels.TestPermissions" name="test_other_tenant_forbidden" time="0.454" /></testsuite></testsuites>