<?xml version="1.0" encoding="utf-8"?><testsuites name="pytest tests"><testsuite name="pytest" errors="0" failures="0" skipped="0" tests="14" time="3.300" timestamp="2026-08-09T15:47:22.231399+00:00" hostname="agent-env-69e70943-1c88-4258-b0f7-da79badd04b9"><testcase classname="tests.test_iter14_meetings" name="test_public_booking_config" time="0.275" /><testcase classname="tests.test_iter14_meetings" name="test_public_slots_weekday" time="0.099" /><testcase classname="tests.test_iter14_meetings" name="test_public_book_creates_meeting_and_lead" time="0.560" /><testcase classname="tests.test_iter14_meetings" name="test_slot_removed_after_booking" time="0.050" /><testcase classname="tests.test_iter14_meetings" name="test_double_book_returns_409" time="0.143" /><testcase classname="tests.test_iter14_meetings" name="test_manage_get" time="0.088" /><testcase classname="tests.test_iter14_meetings" name="test_manage_reschedule" time="0.251" /><testcase classname="tests.test_iter14_meetings" name="test_admin_meetings_all_filters" time="0.354" /><testcase classname="tests.test_iter14_meetings" name="test_admin_meeting_status_completed" time="0.272" /><testcase classname="tests.test_iter14_meetings" name="test_manage_cancel" time="0.536" /><testcase classname="tests.test_iter14_meetings" name="test_admin_meeting_types_crud" time="0.183" /><testcase classname="tests.test_iter14_meetings" name="test_admin_availability_put" time="0.095" /><testcase classname="tests.test_iter14_meetings" name="test_external_only_card_shows_external_url" time="0.200" /><testcase classname="tests.test_iter14_meetings" name="test_cleanup" time="0.143" /></testsuite></testsuites>