<?xml version="1.0" encoding="utf-8"?><testsuites name="pytest tests"><testsuite name="pytest" errors="0" failures="0" skipped="0" tests="14" time="4.320" timestamp="2026-08-10T05:36:02.541749+00:00" hostname="agent-env-69e70943-1c88-4258-b0f7-da79badd04b9"><testcase classname="tests.test_iter18" name="test_health" time="0.142" /><testcase classname="tests.test_iter18" name="test_vcf_published_ok" time="0.099" /><testcase classname="tests.test_iter18" name="test_vcf_unknown_404" time="0.098" /><testcase classname="tests.test_iter18" name="test_vcf_draft_404" time="0.631" /><testcase classname="tests.test_iter18" name="test_team_gating_invite_402_for_trial" time="0.420" /><testcase classname="tests.test_iter18" name="test_team_gating_branding_402_for_trial" time="0.099" /><testcase classname="tests.test_iter18" name="test_team_gating_import_402_for_trial" time="0.115" /><testcase classname="tests.test_iter18" name="test_team_gating_apikeys_402_for_trial" time="0.094" /><testcase classname="tests.test_iter18" name="test_team_gating_webhooks_402_for_trial" time="0.096" /><testcase classname="tests.test_iter18" name="test_super_admin_can_invite" time="0.647" /><testcase classname="tests.test_iter18" name="test_super_admin_can_branding" time="0.091" /><testcase classname="tests.test_iter18" name="test_super_admin_can_create_apikey" time="0.198" /><testcase classname="tests.test_iter18" name="test_login_lockout_throwaway" time="0.682" /><testcase classname="tests.test_iter18" name="test_export_shape_and_delete_cascade" time="0.606" /></testsuite></testsuites>