<?xml version="1.0" encoding="utf-8"?><testsuites name="pytest tests"><testsuite name="pytest" errors="0" failures="1" skipped="0" tests="29" time="11.449" timestamp="2026-08-14T09:46:00.878013+00:00" hostname="agent-env-69e70943-1c88-4258-b0f7-da79badd04b9"><testcase classname="tests.test_iter38_usage_cost_control.TestRBAC" name="test_non_admin_forbidden_overview" time="0.962" /><testcase classname="tests.test_iter38_usage_cost_control.TestRBAC" name="test_non_admin_forbidden_config" time="0.117" /><testcase classname="tests.test_iter38_usage_cost_control.TestRBAC" name="test_non_admin_forbidden_overrides" time="0.139" /><testcase classname="tests.test_iter38_usage_cost_control.TestRBAC" name="test_non_admin_forbidden_detail" time="0.137" /><testcase classname="tests.test_iter38_usage_cost_control.TestRBAC" name="test_non_admin_forbidden_timeseries" time="0.116" /><testcase classname="tests.test_iter38_usage_cost_control.TestRBAC" name="test_non_admin_forbidden_export" time="0.104" /><testcase classname="tests.test_iter38_usage_cost_control.TestRBAC" name="test_admin_can_access_overview" time="0.494" /><testcase classname="tests.test_iter38_usage_cost_control.TestOverview" name="test_overview_shape" time="0.123" /><testcase classname="tests.test_iter38_usage_cost_control.TestOverview" name="test_estimated_cost_equals_usage_times_unit_cost" time="0.128" /><testcase classname="tests.test_iter38_usage_cost_control.TestConfig" name="test_config_get_returns_12_features" time="0.118" /><testcase classname="tests.test_iter38_usage_cost_control.TestConfig" name="test_config_update_unit_cost_and_reset" time="0.428" /><testcase classname="tests.test_iter38_usage_cost_control.TestConfig" name="test_config_invalid_feature_404" time="0.236" /><testcase classname="tests.test_iter38_usage_cost_control.TestConfig" name="test_config_invalid_scope_400" time="0.122" /><testcase classname="tests.test_iter38_usage_cost_control.TestConfig" name="test_config_invalid_hard_behavior_400" time="0.115" /><testcase classname="tests.test_iter38_usage_cost_control.TestConfig" name="test_config_invalid_plan_mode_400" time="0.129" /><testcase classname="tests.test_iter38_usage_cost_control.TestConfig" name="test_config_toggle_enforcement_writes_audit" time="0.414" /><testcase classname="tests.test_iter38_usage_cost_control.TestOverrides" name="test_override_create_list_delete" time="0.346" /><testcase classname="tests.test_iter38_usage_cost_control.TestOverrides" name="test_override_invalid_scope_type_400" time="0.112" /><testcase classname="tests.test_iter38_usage_cost_control.TestOverrides" name="test_override_unknown_feature_404" time="0.097" /><testcase classname="tests.test_iter38_usage_cost_control.TestOverrides" name="test_override_invalid_mode_400" time="0.113" /><testcase classname="tests.test_iter38_usage_cost_control.TestDetailTimeseriesCSV" name="test_detail_bad_type_400" time="0.134" /><testcase classname="tests.test_iter38_usage_cost_control.TestDetailTimeseriesCSV" name="test_detail_workspace" time="0.239" /><testcase classname="tests.test_iter38_usage_cost_control.TestDetailTimeseriesCSV" name="test_timeseries" time="0.114" /><testcase classname="tests.test_iter38_usage_cost_control.TestDetailTimeseriesCSV" name="test_export_csv" time="0.159" /><testcase classname="tests.test_iter38_usage_cost_control.TestUsageMeGating" name="test_usage_me_default_empty" time="0.113" /><testcase classname="tests.test_iter38_usage_cost_control.TestUsageMeGating" name="test_usage_me_shows_when_enforcement_enabled_then_reset" time="0.411"><failure message="AssertionError: ai_followup not in /usage/me items after enable: []&#10;assert 'ai_followup' in []">backend/tests/test_iter38_usage_cost_control.py:329: in test_usage_me_shows_when_enforcement_enabled_then_reset
    assert "ai_followup" in keys, f"ai_followup not in /usage/me items after enable: {items}"
E   AssertionError: ai_followup not in /usage/me items after enable: []
E   assert 'ai_followup' in []</failure></testcase><testcase classname="tests.test_iter38_usage_cost_control.TestRegression" name="test_billing_still_loads" time="0.133" /><testcase classname="tests.test_iter38_usage_cost_control.TestRegression" name="test_config_public_endpoint_still_ok" time="0.093" /><testcase classname="tests.test_iter38_usage_cost_control.TestRegression" name="test_ai_followup_still_works" time="5.389" /></testsuite></testsuites>