<?xml version="1.0" encoding="utf-8"?><testsuites name="pytest tests"><testsuite name="pytest" errors="0" failures="0" skipped="0" tests="13" time="2.585" timestamp="2026-08-08T12:59:38.855592+00:00" hostname="agent-env-69e70943-1c88-4258-b0f7-da79badd04b9"><testcase classname="tests.test_new_features.TestAnalytics" name="test_track_view" time="0.247" /><testcase classname="tests.test_new_features.TestLeads" name="test_create_lead_ok" time="0.294" /><testcase classname="tests.test_new_features.TestAnalytics" name="test_track_scan" time="0.138" /><testcase classname="tests.test_new_features.TestLeads" name="test_create_lead_404_for_unknown_slug" time="0.163" /><testcase classname="tests.test_new_features.TestAnalytics" name="test_track_tap" time="0.135" /><testcase classname="tests.test_new_features.TestLeads" name="test_create_lead_400_missing_name" time="0.129" /><testcase classname="tests.test_new_features.TestLeads" name="test_create_lead_400_missing_contact" time="0.294" /><testcase classname="tests.test_new_features.TestLeads" name="test_admin_leads_requires_auth" time="0.098" /><testcase classname="tests.test_new_features.TestAnalytics" name="test_analytics_requires_auth" time="0.782" /><testcase classname="tests.test_new_features.TestAnalytics" name="test_analytics_shape_and_counts_increase" time="0.536" /><testcase classname="tests.test_new_features.TestLeads" name="test_admin_leads_list_and_patch_delete" time="0.924" /><testcase classname="tests.test_new_features.TestQRPoster" name="test_qr_png" time="0.109" /><testcase classname="tests.test_new_features.TestQRPoster" name="test_poster_png_attachment" time="0.177" /></testsuite></testsuites>