<?xml version="1.0" encoding="utf-8"?><testsuites name="pytest tests"><testsuite name="pytest" errors="0" failures="0" skipped="0" tests="19" time="11.741" timestamp="2026-08-13T17:17:12.466994+00:00" hostname="agent-env-69e70943-1c88-4258-b0f7-da79badd04b9"><testcase classname="tests.test_iter34_event_scanner.TestEvents" name="test_list_events_admin" time="0.724" /><testcase classname="tests.test_iter34_event_scanner.TestEvents" name="test_gitex_seed_present" time="0.113" /><testcase classname="tests.test_iter34_event_scanner.TestEvents" name="test_create_event" time="0.213" /><testcase classname="tests.test_iter34_event_scanner.TestEvents" name="test_get_event" time="0.188" /><testcase classname="tests.test_iter34_event_scanner.TestEvents" name="test_patch_event" time="0.130" /><testcase classname="tests.test_iter34_event_scanner.TestTenantIsolation" name="test_work_user_sees_no_ariadni_events" time="0.556" /><testcase classname="tests.test_iter34_event_scanner.TestTenantIsolation" name="test_work_user_403_on_admin_event" time="0.136" /><testcase classname="tests.test_iter34_event_scanner.TestTenantIsolation" name="test_work_user_cannot_see_admin_leads" time="0.252" /><testcase classname="tests.test_iter34_event_scanner.TestScanCard" name="test_scan_badge_english" time="5.809" /><testcase classname="tests.test_iter34_event_scanner.TestScanCard" name="test_scan_badge_arabic" time="2.317" /><testcase classname="tests.test_iter34_event_scanner.TestScanConfirm" name="test_confirm_requires_name" time="0.129" /><testcase classname="tests.test_iter34_event_scanner.TestScanConfirm" name="test_confirm_creates_badge_lead_with_event" time="0.132" /><testcase classname="tests.test_iter34_event_scanner.TestScanConfirm" name="test_event_detail_shows_lead" time="0.115" /><testcase classname="tests.test_iter34_event_scanner.TestScanConfirm" name="test_duplicate_detection_returns_existing" time="0.138" /><testcase classname="tests.test_iter34_event_scanner.TestScanConfirm" name="test_update_existing_appends_timeline" time="0.139" /><testcase classname="tests.test_iter34_event_scanner.TestScanConfirm" name="test_business_card_regression" time="0.129" /><testcase classname="tests.test_iter34_event_scanner.TestLeadsFilters" name="test_filter_by_event" time="0.137" /><testcase classname="tests.test_iter34_event_scanner.TestLeadsFilters" name="test_filter_by_source" time="0.129" /><testcase classname="tests.test_iter34_event_scanner.TestLeadsFilters" name="test_team_members" time="0.165" /></testsuite></testsuites>