<?xml version="1.0" encoding="utf-8"?><testsuites name="pytest tests"><testsuite name="pytest" errors="0" failures="0" skipped="0" tests="17" time="3.216" timestamp="2026-08-11T10:08:18.605650+00:00" hostname="agent-env-69e70943-1c88-4258-b0f7-da79badd04b9"><testcase classname="tests.test_iter30_control_reconciliation.TestReconciliation" name="test_overview_defaults" time="0.471" /><testcase classname="tests.test_iter30_control_reconciliation.TestReconciliation" name="test_customers_default_two_real" time="0.102" /><testcase classname="tests.test_iter30_control_reconciliation.TestReconciliation" name="test_workspaces_default_two_individual" time="0.105" /><testcase classname="tests.test_iter30_control_reconciliation.TestReconciliation" name="test_workspaces_type_filter" time="0.255" /><testcase classname="tests.test_iter30_control_reconciliation.TestReconciliation" name="test_subscriptions_summary" time="0.102" /><testcase classname="tests.test_iter30_control_reconciliation.TestReconciliation" name="test_include_internal_adds_workspaces" time="0.098" /><testcase classname="tests.test_iter30_control_reconciliation.TestReconciliation" name="test_include_internal_adds_customers" time="0.100" /><testcase classname="tests.test_iter30_control_reconciliation.TestEntitlements" name="test_get_shape" time="0.111" /><testcase classname="tests.test_iter30_control_reconciliation.TestEntitlements" name="test_preview" time="0.199" /><testcase classname="tests.test_iter30_control_reconciliation.TestEntitlements" name="test_publish_and_audit" time="0.465" /><testcase classname="tests.test_iter30_control_reconciliation.TestEntitlements" name="test_reject_unknown_plan" time="0.207" /><testcase classname="tests.test_iter30_control_reconciliation.TestAuthz" name="test_customer_forbidden[/admin/control/overview]" time="0.423" /><testcase classname="tests.test_iter30_control_reconciliation.TestAuthz" name="test_customer_forbidden[/admin/control/customers]" time="0.097" /><testcase classname="tests.test_iter30_control_reconciliation.TestAuthz" name="test_customer_forbidden[/admin/control/workspaces]" time="0.094" /><testcase classname="tests.test_iter30_control_reconciliation.TestAuthz" name="test_customer_forbidden[/admin/control/entitlements]" time="0.101" /><testcase classname="tests.test_iter30_control_reconciliation.TestAuthz" name="test_customer_forbidden[/admin/control/subscriptions]" time="0.103" /><testcase classname="tests.test_iter30_control_reconciliation.TestAuthz" name="test_customer_can_hit_own_dashboard" time="0.102" /></testsuite></testsuites>