<?xml version="1.0" encoding="utf-8"?><testsuites name="pytest tests"><testsuite name="pytest" errors="0" failures="1" skipped="0" tests="18" time="7.117" timestamp="2026-08-10T14:21:36.202839+00:00" hostname="agent-env-69e70943-1c88-4258-b0f7-da79badd04b9"><testcase classname="tests.test_iter25_launch" name="test_forgot_password_returns_ok_even_for_unknown_email" time="0.271" /><testcase classname="tests.test_iter25_launch" name="test_password_reset_end_to_end_and_restore" time="3.084" /><testcase classname="tests.test_iter25_launch" name="test_resend_verification_authenticated" time="0.455" /><testcase classname="tests.test_iter25_launch" name="test_resend_verification_unauth_rejected" time="0.146" /><testcase classname="tests.test_iter25_launch" name="test_admin_platform_users_search_super" time="0.061" /><testcase classname="tests.test_iter25_launch" name="test_admin_platform_workspaces_search_super" time="0.058" /><testcase classname="tests.test_iter25_launch" name="test_admin_platform_endpoints_forbidden_for_non_super" time="0.685" /><testcase classname="tests.test_iter25_launch" name="test_super_admin_cannot_be_suspended" time="0.100" /><testcase classname="tests.test_iter25_launch" name="test_suspend_blocks_login_then_reinstate" time="0.465"><failure message="AssertionError: assert ([{'id': '69af90af-1f20-4500-aa18-8aad55a7257f', 'name': 'SuspTest', 'email': 'test_iter25_suspend_8be7d1ae@t.io', 'role': 'WORKSPACE_OWNER', ...}] and 'test_iter25_...8be7d1ae@t.io' == 'TEST_iter25_...8be7d1ae@t.io'&#10;  &#10;  - TEST_iter25_suspend_8be7d1ae@t.io&#10;  ? ^^^^&#10;  + test_iter25_suspend_8be7d1ae@t.io&#10;  ? ^^^^)">backend/tests/test_iter25_launch.py:161: in test_suspend_blocks_login_then_reinstate
    assert lst and lst[0]["email"] == email
E   AssertionError: assert ([{'id': '69af90af-1f20-4500-aa18-8aad55a7257f', 'name': 'SuspTest', 'email': 'test_iter25_suspend_8be7d1ae@t.io', 'role': 'WORKSPACE_OWNER', ...}] and 'test_iter25_...8be7d1ae@t.io' == 'TEST_iter25_...8be7d1ae@t.io'
E     
E     - TEST_iter25_suspend_8be7d1ae@t.io
E     ? ^^^^
E     + test_iter25_suspend_8be7d1ae@t.io
E     ? ^^^^)</failure></testcase><testcase classname="tests.test_iter25_launch" name="test_public_leads_dedupe_merge_case_insensitive" time="0.399" /><testcase classname="tests.test_iter25_launch" name="test_scanner_confirm_duplicate_and_force" time="0.260" /><testcase classname="tests.test_iter25_launch" name="test_analytics_overview_range[7]" time="0.058" /><testcase classname="tests.test_iter25_launch" name="test_analytics_overview_range[30]" time="0.053" /><testcase classname="tests.test_iter25_launch" name="test_analytics_overview_range[90]" time="0.055" /><testcase classname="tests.test_iter25_launch" name="test_analytics_export_csv" time="0.054" /><testcase classname="tests.test_iter25_launch" name="test_poster_no_ariadni_branding" time="0.274" /><testcase classname="tests.test_iter25_launch" name="test_config_no_ariadni_branding" time="0.109" /><testcase classname="tests.test_iter25_launch" name="test_tenant_isolation_non_super_cannot_access_other_ws_leads" time="0.460" /></testsuite></testsuites>