<?xml version="1.0" encoding="utf-8"?><testsuites name="pytest tests"><testsuite name="pytest" errors="0" failures="0" skipped="0" tests="10" time="5.383" timestamp="2026-08-11T10:56:59.505834+00:00" hostname="agent-env-69e70943-1c88-4258-b0f7-da79badd04b9"><testcase classname="tests.test_iter31_stripe_pricing.TestPricingSourceOfTruth" name="test_preview_shows_price_diff" time="0.666" /><testcase classname="tests.test_iter31_stripe_pricing.TestPricingSourceOfTruth" name="test_publish_then_public_pricing_reflects" time="0.206" /><testcase classname="tests.test_iter31_stripe_pricing.TestPricingSourceOfTruth" name="test_checkout_amount_reflects_published_price" time="1.239" /><testcase classname="tests.test_iter31_stripe_pricing.TestPricingSourceOfTruth" name="test_revert_to_999" time="0.190" /><testcase classname="tests.test_iter31_stripe_pricing.TestNoUnpaidBypass" name="test_subscribe_returns_402" time="0.450" /><testcase classname="tests.test_iter31_stripe_pricing.TestIndividualRegistration" name="test_creates_individual_workspace_trialing" time="0.330" /><testcase classname="tests.test_iter31_stripe_pricing.TestTeamRegistration" name="test_valid_team_registration" time="0.333" /><testcase classname="tests.test_iter31_stripe_pricing.TestTeamRegistration" name="test_rejects_seats_below_min" time="0.315" /><testcase classname="tests.test_iter31_stripe_pricing.TestStripeCheckoutTeam" name="test_team_checkout_session_creates" time="1.250" /><testcase classname="tests.test_iter31_stripe_pricing.TestAdminLogin" name="test_super_admin_login" time="0.319" /></testsuite></testsuites>