<?xml version="1.0" encoding="utf-8"?><testsuites name="pytest tests"><testsuite name="pytest" errors="0" failures="0" skipped="0" tests="6" time="2.688" timestamp="2026-08-09T03:05:25.291699+00:00" hostname="agent-env-69e70943-1c88-4258-b0f7-da79badd04b9"><testcase classname="tests.test_iter13" name="test_duplicate_creates_draft_copy" time="0.724" /><testcase classname="tests.test_iter13" name="test_duplicate_of_copy_gets_unique_slug" time="0.344" /><testcase classname="tests.test_iter13" name="test_update_card_still_works" time="0.206" /><testcase classname="tests.test_iter13" name="test_identity_crop_persists" time="0.201" /><testcase classname="tests.test_iter13" name="test_qr_endpoint" time="0.104" /><testcase classname="tests.test_iter13" name="test_cleanup" time="0.720" /></testsuite></testsuites>