<?xml version="1.0" encoding="utf-8"?><testsuites name="pytest tests"><testsuite name="pytest" errors="0" failures="0" skipped="0" tests="35" time="4.662" timestamp="2026-08-08T22:47:36.000001+00:00" hostname="agent-env-69e70943-1c88-4258-b0f7-da79badd04b9"><testcase classname="tests.test_commercial_v1.TestRegression" name="test_login_returns_commercial_payload" time="0.597" /><testcase classname="tests.test_commercial_v1.TestCommercialAuth" name="test_register_creates_owner" time="0.599" /><testcase classname="tests.test_commercial_v1.TestRegression" name="test_admin_cards_lists_feras" time="0.122" /><testcase classname="tests.test_commercial_v1.TestCommercialAuth" name="test_register_duplicate_email" time="0.092" /><testcase classname="tests.test_commercial_v1.TestCommercialAuth" name="test_refresh_rotates_and_old_invalidated" time="0.204" /><testcase classname="tests.test_commercial_v1.TestRegression" name="test_public_feras_card" time="0.125" /><testcase classname="tests.test_commercial_v1.TestRegression" name="test_public_qr_png" time="0.108" /><testcase classname="tests.test_commercial_v1.TestCommercialAuth" name="test_session_endpoint" time="0.109" /><testcase classname="tests.test_commercial_v1.TestRegression" name="test_public_poster_png" time="0.181" /><testcase classname="tests.test_commercial_v1.TestCommercialAuth" name="test_forgot_password_always_ok" time="0.121" /><testcase classname="tests.test_commercial_v1.TestCommercialAuth" name="test_logout_revokes_refresh" time="0.519" /><testcase classname="tests.test_commercial_v1.TestRegression" name="test_public_lead_create" time="0.312" /><testcase classname="tests.test_commercial_v1.TestCRM" name="test_crm_leads_list" time="0.097" /><testcase classname="tests.test_commercial_v1.TestMultiTenancy" name="test_new_user_sees_zero_cards" time="0.315" /><testcase classname="tests.test_commercial_v1.TestMultiTenancy" name="test_tenant_cannot_read_admin_card_by_id" time="0.526" /><testcase classname="tests.test_commercial_v1.TestCRM" name="test_crm_patch_status_valid" time="0.837" /><testcase classname="tests.test_commercial_v1.TestCRM" name="test_crm_patch_status_invalid" time="0.096" /><testcase classname="tests.test_commercial_v1.TestCRM" name="test_crm_activities_records_change" time="0.095" /><testcase classname="tests.test_commercial_v1.TestMultiTenancy" name="test_tenant_cannot_update_admin_card" time="0.252" /><testcase classname="tests.test_commercial_v1.TestCRM" name="test_crm_csv_export" time="0.097" /><testcase classname="tests.test_commercial_v1.TestMultiTenancy" name="test_tenant_cannot_delete_admin_card" time="0.355" /><testcase classname="tests.test_commercial_v1.TestCRM" name="test_tenant_cannot_patch_admin_lead" time="0.475" /><testcase classname="tests.test_commercial_v1.TestMultiTenancy" name="test_super_admin_sees_all" time="0.097" /><testcase classname="tests.test_commercial_v1.TestNFC" name="test_mint_forbidden_for_non_admin" time="0.101" /><testcase classname="tests.test_commercial_v1.TestExchange" name="test_exchange_creates_lead" time="0.094" /><testcase classname="tests.test_commercial_v1.TestExchange" name="test_exchange_missing_name" time="0.100" /><testcase classname="tests.test_commercial_v1.TestNFC" name="test_tap_before_activation_redirects_to_activate" time="0.196" /><testcase classname="tests.test_commercial_v1.TestExchange" name="test_exchange_missing_email_and_phone" time="0.134" /><testcase classname="tests.test_commercial_v1.TestNFC" name="test_activate_wrong_ownership_forbidden" time="0.206" /><testcase classname="tests.test_commercial_v1.TestAI" name="test_followup_returns_template_draft" time="0.095" /><testcase classname="tests.test_commercial_v1.TestAI" name="test_enrich_not_configured" time="0.103" /><testcase classname="tests.test_commercial_v1.TestNFC" name="test_activate_and_tap_redirects_to_profile" time="0.289" /><testcase classname="tests.test_commercial_v1.TestConfig" name="test_config_flags" time="0.091" /><testcase classname="tests.test_commercial_v1.TestCampaigns" name="test_create_and_duplicate" time="0.500" /><testcase classname="tests.test_commercial_v1.TestNFC" name="test_deactivate" time="0.312" /></testsuite></testsuites>