<?xml version="1.0" encoding="utf-8"?><testsuites name="pytest tests"><testsuite name="pytest" errors="0" failures="0" skipped="0" tests="25" time="3.385" timestamp="2026-08-08T23:04:08.654767+00:00" hostname="agent-env-69e70943-1c88-4258-b0f7-da79badd04b9"><testcase classname="tests.test_global_v1.TestPricing" name="test_regional_pricing[US-USD-999-699]" time="0.453" /><testcase classname="tests.test_global_v1.TestRegression" name="test_admin_login" time="0.453" /><testcase classname="tests.test_global_v1.TestPricing" name="test_regional_pricing[AE-AED-3900-2600]" time="0.046" /><testcase classname="tests.test_global_v1.TestRegression" name="test_public_card_default_english" time="0.048" /><testcase classname="tests.test_global_v1.TestPricing" name="test_regional_pricing[GB-GBP-899-599]" time="0.086" /><testcase classname="tests.test_global_v1.TestRegression" name="test_admin_cards_list" time="0.074" /><testcase classname="tests.test_global_v1.TestRegression" name="test_qr_still_png" time="0.103" /><testcase classname="tests.test_global_v1.TestPricing" name="test_entitlements_stable_by_plan_ids" time="0.102" /><testcase classname="tests.test_global_v1.TestRegression" name="test_poster_still_png" time="0.177" /><testcase classname="tests.test_global_v1.TestLocalizedProfile" name="test_lang_ar" time="0.122" /><testcase classname="tests.test_global_v1.TestLocalizedProfile" name="test_lang_ar_untranslated_service_falls_back" time="0.043" /><testcase classname="tests.test_global_v1.TestLocalizedProfile" name="test_lang_unsupported_fallback" time="0.045" /><testcase classname="tests.test_global_v1.TestRegression" name="test_new_user_sees_zero_cards" time="0.584" /><testcase classname="tests.test_global_v1.TestLocalizedProfile" name="test_base_no_lang_stays_english" time="0.224" /><testcase classname="tests.test_global_v1.TestAdminGlobalConfig" name="test_admin_markets_lists" time="0.068" /><testcase classname="tests.test_global_v1.TestAIMultilingual" name="test_ar" time="0.456" /><testcase classname="tests.test_global_v1.TestAdminGlobalConfig" name="test_admin_markets_forbidden_for_non_admin" time="0.393" /><testcase classname="tests.test_global_v1.TestAIMultilingual" name="test_es" time="0.195" /><testcase classname="tests.test_global_v1.TestAIMultilingual" name="test_en" time="0.254" /><testcase classname="tests.test_global_v1.TestAdminGlobalConfig" name="test_admin_update_pro_ae_pricing_roundtrip" time="0.408" /><testcase classname="tests.test_global_v1.TestRegisterRegion" name="test_register_ae_ar_aed" time="0.328" /><testcase classname="tests.test_global_v1.TestAdminGlobalConfig" name="test_admin_update_market_field" time="0.313" /><testcase classname="tests.test_global_v1.TestRegisterRegion" name="test_register_us_defaults" time="0.311" /><testcase classname="tests.test_global_v1.TestMarkets" name="test_markets_endpoint" time="0.082" /><testcase classname="tests.test_global_v1.TestIntlContactAndI18n" name="test_card_intl_fields_roundtrip" time="0.400" /></testsuite></testsuites>