<?xml version="1.0" encoding="utf-8"?><testsuites name="pytest tests"><testsuite name="pytest" errors="0" failures="1" skipped="0" tests="22" time="3.370" timestamp="2026-08-11T09:18:25.839110+00:00" hostname="agent-env-69e70943-1c88-4258-b0f7-da79badd04b9"><testcase classname="tests.test_iter29_metric_contract" name="test_customer_forbidden[/api/admin/control/overview]" time="0.533" /><testcase classname="tests.test_iter29_metric_contract" name="test_customer_forbidden[/api/admin/control/subscriptions]" time="0.094" /><testcase classname="tests.test_iter29_metric_contract" name="test_customer_forbidden[/api/admin/control/health]" time="0.100" /><testcase classname="tests.test_iter29_metric_contract" name="test_customer_forbidden[/api/admin/control/referrals]" time="0.096" /><testcase classname="tests.test_iter29_metric_contract" name="test_customer_forbidden[/api/admin/control/security]" time="0.115" /><testcase classname="tests.test_iter29_metric_contract" name="test_customer_forbidden[/api/admin/control/audit]" time="0.105" /><testcase classname="tests.test_iter29_metric_contract" name="test_customer_forbidden[/api/admin/control/flags]" time="0.095" /><testcase classname="tests.test_iter29_metric_contract" name="test_customer_forbidden[/api/admin/control/entitlements]" time="0.102" /><testcase classname="tests.test_iter29_metric_contract" name="test_admin_ok[/api/admin/control/overview]" time="0.431" /><testcase classname="tests.test_iter29_metric_contract" name="test_admin_ok[/api/admin/control/subscriptions]" time="0.099" /><testcase classname="tests.test_iter29_metric_contract" name="test_admin_ok[/api/admin/control/health]" time="0.106" /><testcase classname="tests.test_iter29_metric_contract" name="test_admin_ok[/api/admin/control/referrals]" time="0.096" /><testcase classname="tests.test_iter29_metric_contract" name="test_admin_ok[/api/admin/control/security]" time="0.093" /><testcase classname="tests.test_iter29_metric_contract" name="test_admin_ok[/api/admin/control/audit]" time="0.146" /><testcase classname="tests.test_iter29_metric_contract" name="test_admin_ok[/api/admin/control/flags]" time="0.096" /><testcase classname="tests.test_iter29_metric_contract" name="test_admin_ok[/api/admin/control/entitlements]" time="0.095" /><testcase classname="tests.test_iter29_metric_contract" name="test_overview_customers_only" time="0.106" /><testcase classname="tests.test_iter29_metric_contract" name="test_overview_include_internal" time="0.114" /><testcase classname="tests.test_iter29_metric_contract" name="test_usage_differs_with_internal" time="0.243"><failure message="Failed: include_internal did not add any internal cards. feras-askar has workspace_id=None and is not attributed to TapPresence HQ — internal cards are orphaned. default={'published_cards': 2, 'views': 47, 'scans': 11, 'nfc_taps': 0, 'leads': 0, 'scanner_uses': 0, 'meetings_booked': 0, 'campaigns': 0, 'paid_referrals': 0} internal={'published_cards': 2, 'views': 47, 'scans': 11, 'nfc_taps': 0, 'leads': 0, 'scanner_uses': 0, 'meetings_booked': 0, 'campaigns': 0, 'paid_referrals': 0}">backend/tests/test_iter29_metric_contract.py:137: in test_usage_differs_with_internal
    pytest.fail(
E   Failed: include_internal did not add any internal cards. feras-askar has workspace_id=None and is not attributed to TapPresence HQ — internal cards are orphaned. default={'published_cards': 2, 'views': 47, 'scans': 11, 'nfc_taps': 0, 'leads': 0, 'scanner_uses': 0, 'meetings_booked': 0, 'campaigns': 0, 'paid_referrals': 0} internal={'published_cards': 2, 'views': 47, 'scans': 11, 'nfc_taps': 0, 'leads': 0, 'scanner_uses': 0, 'meetings_booked': 0, 'campaigns': 0, 'paid_referrals': 0}</failure></testcase><testcase classname="tests.test_iter29_metric_contract" name="test_subscriptions_contract" time="0.094" /><testcase classname="tests.test_iter29_metric_contract" name="test_subscriptions_include_internal_shows_tappresence" time="0.106" /><testcase classname="tests.test_iter29_metric_contract" name="test_customer_login_and_isolation" time="0.209" /></testsuite></testsuites>