<?xml version="1.0" encoding="utf-8"?><testsuites name="pytest tests"><testsuite name="pytest" errors="0" failures="0" skipped="0" tests="14" time="7.573" timestamp="2026-08-13T18:44:21.062618+00:00" hostname="agent-env-69e70943-1c88-4258-b0f7-da79badd04b9"><testcase classname="tests.test_iter37_financials" name="test_dashboard_financials_baseline" time="0.727" /><testcase classname="tests.test_iter37_financials" name="test_financials_set_edit_clear_and_audit" time="0.922" /><testcase classname="tests.test_iter37_financials" name="test_revenue_recorded_independent_of_opp_and_shape" time="0.126" /><testcase classname="tests.test_iter37_financials" name="test_organic_revenue_excluded_from_event_totals" time="0.578" /><testcase classname="tests.test_iter37_financials" name="test_customer_conversion_no_revenue_required" time="0.521" /><testcase classname="tests.test_iter37_financials" name="test_roi_null_when_event_cost_missing" time="0.596" /><testcase classname="tests.test_iter37_financials" name="test_roi_null_when_revenue_missing" time="0.603" /><testcase classname="tests.test_iter37_financials" name="test_event_cost_edit_and_clear" time="0.702" /><testcase classname="tests.test_iter37_financials" name="test_top_opportunities_excludes_customer_with_revenue_and_not_interested" time="0.126" /><testcase classname="tests.test_iter37_financials" name="test_cross_tenant_financials_403" time="0.519" /><testcase classname="tests.test_iter37_financials" name="test_cross_tenant_revenue_attribution_403" time="0.133" /><testcase classname="tests.test_iter37_financials" name="test_leaderboard_has_pipeline_and_revenue" time="0.164" /><testcase classname="tests.test_iter37_financials" name="test_multi_event_revenue_not_double_counted" time="0.619" /><testcase classname="tests.test_iter37_financials" name="test_not_interested_lead_opp_excluded_from_pipeline" time="0.913" /></testsuite></testsuites>