<?xml version="1.0" encoding="utf-8"?><testsuites name="pytest tests"><testsuite name="pytest" errors="0" failures="1" skipped="0" tests="5" time="1.624" timestamp="2026-08-09T00:44:08.281641+00:00" hostname="agent-env-69e70943-1c88-4258-b0f7-da79badd04b9"><testcase classname="tests.test_industries_phase8" name="test_industries_catalog" time="0.203" /><testcase classname="tests.test_industries_phase8" name="test_feras_askar_industry_persistence" time="0.691" /><testcase classname="tests.test_industries_phase8" name="test_feras_askar_custom_accent_hex" time="0.359" /><testcase classname="tests.test_industries_phase8" name="test_card_without_industry_regression" time="0.194" /><testcase classname="tests.test_industries_phase8" name="test_locked_branding_member_cannot_change" time="0.100"><failure message="AssertionError: {&quot;detail&quot;:[{&quot;type&quot;:&quot;value_error&quot;,&quot;loc&quot;:[&quot;body&quot;,&quot;email&quot;],&quot;msg&quot;:&quot;value is not a valid email address: The part after the @-sign is a special-use or reserved name that cannot be used with email.&quot;,&quot;input&quot;:&quot;lockmember-068ca75c@test.local&quot;,&quot;ctx&quot;:{&quot;reason&quot;:&quot;The part after the @-sign is a special-use or reserved name that cannot be used with email.&quot;}}]}&#10;assert 422 == 200&#10; +  where 422 = &lt;Response [422]&gt;.status_code">backend/tests/test_industries_phase8.py:163: in test_locked_branding_member_cannot_change
    assert r.status_code == 200, r.text
E   AssertionError: {"detail":[{"type":"value_error","loc":["body","email"],"msg":"value is not a valid email address: The part after the @-sign is a special-use or reserved name that cannot be used with email.","input":"lockmember-068ca75c@test.local","ctx":{"reason":"The part after the @-sign is a special-use or reserved name that cannot be used with email."}}]}
E   assert 422 == 200
E    +  where 422 = &lt;Response [422]&gt;.status_code</failure></testcase></testsuite></testsuites>