<?xml version="1.0" encoding="utf-8"?><testsuites name="pytest tests"><testsuite name="pytest" errors="0" failures="0" skipped="0" tests="10" time="4.755" timestamp="2026-08-08T23:37:54.156413+00:00" hostname="agent-env-69e70943-1c88-4258-b0f7-da79badd04b9"><testcase classname="tests.test_scanner_phase7.TestScanCard" name="test_no_auth_401" time="0.445" /><testcase classname="tests.test_scanner_phase7.TestScanConfirm" name="test_confirm_empty_name_400" time="0.782" /><testcase classname="tests.test_scanner_phase7.TestScanCard" name="test_missing_image_400" time="0.437" /><testcase classname="tests.test_scanner_phase7.TestScanConfirm" name="test_confirm_foreign_slug_forbidden_for_free_user" time="0.646" /><testcase classname="tests.test_scanner_phase7.TestScanCard" name="test_free_plan_403" time="0.554" /><testcase classname="tests.test_scanner_phase7.TestScanConfirm" name="test_confirm_ok_creates_lead" time="1.416" /><testcase classname="tests.test_scanner_phase7.TestScanCard" name="test_admin_scan_ok" time="2.858" /><testcase classname="tests.test_scanner_phase7.TestScanConfirm" name="test_lead_appears_in_crm" time="0.602" /><testcase classname="tests.test_scanner_phase7.TestScanConfirm" name="test_lead_appears_in_admin_leads" time="0.098" /><testcase classname="tests.test_scanner_phase7.TestScanCard" name="test_scan_did_not_create_lead" time="0.122" /></testsuite></testsuites>