<?xml version="1.0" encoding="utf-8"?><testsuites name="pytest tests"><testsuite name="pytest" errors="0" failures="0" skipped="0" tests="14" time="4.301" timestamp="2026-08-08T12:35:10.191044+00:00" hostname="agent-env-69e70943-1c88-4258-b0f7-da79badd04b9"><testcase classname="tests.backend_test.TestPublicCard" name="test_get_demo_card" time="0.350" /><testcase classname="tests.backend_test.TestPublicCard" name="test_get_nonexistent_card" time="0.252" /><testcase classname="tests.backend_test.TestPublicCard" name="test_vcard" time="0.397" /><testcase classname="tests.backend_test.TestAuth" name="test_login_success" time="0.644" /><testcase classname="tests.backend_test.TestAuth" name="test_login_wrong_password" time="0.354" /><testcase classname="tests.backend_test.TestAuth" name="test_me_with_token" time="0.200" /><testcase classname="tests.backend_test.TestPublicCard" name="test_qr" time="0.289" /><testcase classname="tests.backend_test.TestAuth" name="test_me_without_token" time="0.213" /><testcase classname="tests.backend_test.TestAdminCards" name="test_admin_endpoints_require_auth" time="0.199" /><testcase classname="tests.backend_test.TestUpload" name="test_upload_and_download" time="0.968" /><testcase classname="tests.backend_test.TestAdminCards" name="test_list_cards" time="0.893" /><testcase classname="tests.backend_test.TestUpload" name="test_upload_requires_auth" time="0.092" /><testcase classname="tests.backend_test.TestAdminCards" name="test_duplicate_slug_rejected" time="0.251" /><testcase classname="tests.backend_test.TestAdminCards" name="test_full_crud" time="1.180" /></testsuite></testsuites>